<?xml version="1.0" encoding="UTF-8"?>
<!-- Generated by org.testng.reporters.JUnitReportReporter -->
<testsuite hostname="abin-pc" failures="0" tests="1" name="com.mystore.test.AddToCartTest" time="18.790" errors="0" timestamp="2022-11-04T17:01:42 GMT" skipped="0">
  <testcase classname="com.mystore.test.AddToCartTest" name="addToCartTest" time="18.790"/>
  <system-out/>
</testsuite> <!-- com.mystore.test.AddToCartTest -->
