<?xml version="1.0" encoding="UTF-8"?>
<!-- Generated by org.testng.reporters.JUnitReportReporter -->
<testsuite hostname="abin-pc" failures="0" tests="1" name="com.mystore.test.SearchResultPageTest" time="9.010" errors="0" timestamp="2022-10-28T20:24:19 BST" skipped="0">
  <testcase classname="com.mystore.test.SearchResultPageTest" name="productAvailabilityTest" time="9.010"/>
  <system-out/>
</testsuite> <!-- com.mystore.test.SearchResultPageTest -->
