<?xml version="1.0" encoding="UTF-8"?>
<!-- Generated by org.testng.reporters.JUnitReportReporter -->
<testsuite hostname="abin-pc" failures="0" tests="2" name="com.mystore.test.IndexPageTest" time="20.848" errors="0" timestamp="2022-11-04T16:54:46 GMT" skipped="0">
  <testcase classname="com.mystore.test.IndexPageTest" name="verifyLogo" time="10.930"/>
  <system-out/>
  <testcase classname="com.mystore.test.IndexPageTest" name="verifyTitle" time="9.918"/>
  <system-out/>
</testsuite> <!-- com.mystore.test.IndexPageTest -->
