<?xml version="1.0" encoding="UTF-8"?>
<!-- Generated by org.testng.reporters.JUnitReportReporter -->
<testsuite hostname="abin-pc" failures="0" tests="1" name="com.mystore.test.AccountCreationPageTest" time="25.398" errors="0" timestamp="2022-11-04T16:58:14 GMT" skipped="0">
  <testcase classname="com.mystore.test.AccountCreationPageTest" name="verifyCreateAccountPageTest" time="25.398"/>
  <system-out/>
</testsuite> <!-- com.mystore.test.AccountCreationPageTest -->
