<?xml version="1.0" encoding="UTF-8"?>
<!-- Generated by org.testng.reporters.JUnitReportReporter -->
<testsuite hostname="abin-pc" failures="0" tests="1" name="com.mystore.test.SearchResultPageTest" time="13.416" errors="0" timestamp="2022-11-04T16:54:46 GMT" skipped="0">
  <testcase classname="com.mystore.test.SearchResultPageTest" name="productAvailabilityTest" time="13.416"/>
  <system-out/>
</testsuite> <!-- com.mystore.test.SearchResultPageTest -->
