<?xml version="1.0" encoding="UTF-8"?>
<!-- Generated by org.testng.reporters.JUnitReportReporter -->
<testsuite hostname="abin-pc" failures="0" tests="1" name="com.mystore.test.OrderPageTest" time="34.770" errors="0" timestamp="2022-11-04T17:01:42 GMT" skipped="0">
  <testcase classname="com.mystore.test.OrderPageTest" name="verifyTotalPrice" time="34.770"/>
  <system-out/>
</testsuite> <!-- com.mystore.test.OrderPageTest -->
