<?xml version="1.0" encoding="UTF-8"?>
<!-- Generated by org.testng.reporters.JUnitReportReporter -->
<testsuite hostname="abin-pc" failures="0" tests="1" name="com.mystore.test.AddToCartTest" time="14.349" errors="0" timestamp="2022-11-02T15:29:09 GMT" skipped="0">
  <testcase classname="com.mystore.test.AddToCartTest" name="addToCartTest" time="14.349"/>
  <system-out/>
</testsuite> <!-- com.mystore.test.AddToCartTest -->
