<?xml version="1.0" encoding="UTF-8"?>
<!-- Generated by org.testng.reporters.JUnitReportReporter -->
<testsuite hostname="abin-pc" failures="0" tests="2" name="com.mystore.test.IndexPageTest" time="18.064" errors="0" timestamp="2022-10-28T20:24:19 BST" skipped="0">
  <testcase classname="com.mystore.test.IndexPageTest" name="verifyTitle" time="0.013"/>
  <system-out/>
  <testcase classname="com.mystore.test.IndexPageTest" name="verifyLogo" time="18.051"/>
  <system-out/>
</testsuite> <!-- com.mystore.test.IndexPageTest -->
