<?xml version="1.0" encoding="UTF-8"?>
<!-- Generated by org.testng.reporters.JUnitReportReporter -->
<testsuite hostname="abin-pc" failures="0" tests="1" name="com.mystore.test.SearchResultPageTest" time="12.579" errors="0" timestamp="2022-11-04T16:12:31 GMT" skipped="0">
  <testcase classname="com.mystore.test.SearchResultPageTest" name="productAvailabilityTest" time="12.579"/>
  <system-out/>
</testsuite> <!-- com.mystore.test.SearchResultPageTest -->
