<?xml version="1.0" encoding="UTF-8"?>
<!-- Generated by org.testng.reporters.JUnitReportReporter -->
<testsuite hostname="abin-pc" failures="0" tests="2" name="com.mystore.test.HomePageTest" time="91.451" errors="0" timestamp="2022-11-04T16:12:31 GMT" skipped="0">
  <testcase classname="com.mystore.test.HomePageTest" name="OrderHistoryDetailsTest" time="37.734"/>
  <system-out/>
  <testcase classname="com.mystore.test.HomePageTest" name="WishListTest" time="53.717"/>
  <system-out/>
</testsuite> <!-- com.mystore.test.HomePageTest -->
